<html>
<body>
<pre>
<h1>µVision Build Log</h1>
<h2>Tool Versions:</h2>
IDE-Version: ¦ÌVision V5.24.2.0
Copyright (C) 2017 ARM Ltd and ARM Germany GmbH. All rights reserved.
License Information: 1 solar, 1, LIC=1WSKC-766JZ-4APDE-5GQ14-HWEZI-SW25T
 
Tool Versions:
Toolchain:       MDK-ARM Professional  Version: 5.24.1
Toolchain Path:  D:\D P J\ARM\ARMCC\Bin
C Compiler:      Armcc.exe V5.06 update 5 (build 528)
Assembler:       Armasm.exe V5.06 update 5 (build 528)
Linker/Locator:  ArmLink.exe V5.06 update 5 (build 528)
Library Manager: ArmAr.exe V5.06 update 5 (build 528)
Hex Converter:   FromElf.exe V5.06 update 5 (build 528)
CPU DLL:         SARMCM3.DLL V5.24.1
Dialog DLL:      DCM.DLL V1.16.0.0
Target DLL:      CMSIS_AGDI.dll V1.28.3.0
Dialog DLL:      TCM.DLL V1.32.0.0
 
<h2>Project:</h2>
d:\cubeMX f\volleyball_3wheel\vb_3wheel\MDK-ARM\ins_task.uvprojx
Project File Date:  04/02/2025

<h2>Output:</h2>
*** Using Compiler 'V5.06 update 5 (build 528)', folder: 'D:\D P J\ARM\ARMCC\Bin'
Build target 'ins_task'
compiling tracking.c...
..\application\tracking.c(230): warning:  #520-D: initialization with "{...}" expected for aggregate object
          float motor_speed_calc[3] = 0;
..\application\tracking.c(280): warning:  #1-D: last line of file ends without a newline
  */
..\application\tracking.c: 2 warnings, 0 errors
compiling main.c...
compiling Variables.c...
..\application\Variables.c(42): warning:  #1-D: last line of file ends without a newline
  volatile uint8_t robot_start_flag = 0;        //æœºå™¨äººå¯åŠ¨æ ‡å¿—ä½
..\application\Variables.c: 1 warning, 0 errors
compiling bat_control.c...
..\application\bat_control.c(313): warning:  #174-D: expression has no effect
              bat_control->striker_state == STRIKER_is_RUNNING;
..\application\bat_control.c(304): warning:  #550-D: variable "control_falg"  was set but never used
          int control_falg = 0;
..\application\bat_control.c(541): warning:  #1035-D: single-precision operand implicitly converted to double-precision
      if (s_visionInform.z_usbcam < 0.40)
..\application\bat_control.c(586): error:  #167: argument of type "bat_control_t **" is incompatible with parameter of type "bat_control_t *"
      all_target_clac(&bat_control);
..\application\bat_control.c(587): error:  #167: argument of type "bat_control_t **" is incompatible with parameter of type "bat_control_t *"
      motor_pid_clac(&bat_control);
..\application\bat_control.c(588): error:  #167: argument of type "bat_control_t **" is incompatible with parameter of type "bat_control_t *"
      bat_motor_control(&bat_control);
..\application\bat_control.c(608): warning:  #1035-D: single-precision operand implicitly converted to double-precision
      if (s_visionInform.z_usbcam < 0.45) // 0.45å¯å¯èƒ½è¿˜æ˜¯æœ‰é—®é¢˜ï¼›é€‚å½“é™ä½Žï¼Œæ­¤å¤–åœ¨ç‰¹æ®Šè§’åº¦æœ‰å­˜åœ¨è·ç¦»æœ‰é—®é¢˜çš„çŽ°è±?
..\application\bat_control.c: 4 warnings, 3 errors
compiling pc_interface.c...
..\application\pc_interface.c(130): warning:  #940-D: missing return statement at end of non-void function "cam_space2bot_speace" 
   }
..\application\pc_interface.c(123): warning:  #177-D: variable "Cam_offset_Angle"  was declared but never referenced
  	float Cam_offset_Angle = 30.0f;        //ç›¸æœºä¸Žæœºå™¨äººåæ ‡ç³»ä¹‹é—´çš„åè§’
..\application\pc_interface.c(124): warning:  #177-D: variable "cam_distanceofbat"  was declared but never referenced
  	float cam_distanceofbat = 0.0f;        //ç›¸æœºåˆ°çƒæ‹çš„è·ç¦»
..\application\pc_interface.c(125): warning:  #177-D: variable "cam_hightofbat"  was declared but never referenced
  	float cam_hightofbat = 0.0f;           //ç›¸æœºåˆ°çƒæ‹çš„é«˜åº¦
..\application\pc_interface.c(126): warning:  #177-D: variable "cam_offsetofbat"  was declared but never referenced
  	float cam_offsetofbat = 0.0f;          //ç›¸æœºåˆ°çƒæ‹çš„åç½®
..\application\pc_interface.c(133): warning:  #1-D: last line of file ends without a newline
   
..\application\pc_interface.c: 6 warnings, 0 errors
compiling robot.c...
..\application\robot.c(44): warning:  #223-D: function "striker_init" declared implicitly
      striker_init();
..\application\robot.c: 1 warning, 0 errors
compiling Bat_control_task.c...
compiling Debug_task..c...
"ins_task\ins_task.axf" - 3 Error(s), 14 Warning(s).

<h2>Software Packages used:</h2>

Package Vendor: ARM
                http://www.keil.com/pack/ARM.CMSIS.5.0.1.pack
                ARM.CMSIS.5.0.1
                CMSIS (Cortex Microcontroller Software Interface Standard)
   * Component: CORE Version: 5.0.1

Package Vendor: Keil
                https://www.keil.com/pack/Keil.STM32F4xx_DFP.2.17.1.pack
                Keil.STM32F4xx_DFP.2.17.1
                STMicroelectronics STM32F4 Series Device Support, Drivers and Examples

<h2>Collection of Component include folders:</h2>
  .\RTE\_ins_task
  D:\D P J\ARM\PACK\ARM\CMSIS\5.0.1\CMSIS\Include
  D:\D P J\ARM\PACK\Keil\STM32F4xx_DFP\2.17.1\Drivers\CMSIS\Device\ST\STM32F4xx\Include

<h2>Collection of Component Files used:</h2>

   * Component: ARM::CMSIS:CORE:5.0.1
Target not created.
Build Time Elapsed:  00:00:10
</pre>
</body>
</html>
